<?xml version="1.0" encoding="UTF-8"?>
<testsuites>
  <testsuite name="/var/www/phpunit.dist.xml" tests="33" assertions="89" errors="0" failures="0" skipped="0" time="0.805331">
    <testsuite name="Project Test Suite" tests="33" assertions="89" errors="0" failures="0" skipped="0" time="0.805331">
      <testsuite name="App\Tests\Controller\ChurchControllerTest" file="/var/www/tests/Controller/ChurchControllerTest.php" tests="5" assertions="21" errors="0" failures="0" skipped="0" time="0.468213">
        <testcase name="testIndex" file="/var/www/tests/Controller/ChurchControllerTest.php" line="64" class="App\Tests\Controller\ChurchControllerTest" classname="App.Tests.Controller.ChurchControllerTest" assertions="5" time="0.164658"/>
        <testcase name="testNew" file="/var/www/tests/Controller/ChurchControllerTest.php" line="76" class="App\Tests\Controller\ChurchControllerTest" classname="App.Tests.Controller.ChurchControllerTest" assertions="6" time="0.105821"/>
        <testcase name="testEdit" file="/var/www/tests/Controller/ChurchControllerTest.php" line="97" class="App\Tests\Controller\ChurchControllerTest" classname="App.Tests.Controller.ChurchControllerTest" assertions="5" time="0.088272"/>
        <testcase name="testDeleteSimple" file="/var/www/tests/Controller/ChurchControllerTest.php" line="125" class="App\Tests\Controller\ChurchControllerTest" classname="App.Tests.Controller.ChurchControllerTest" assertions="2" time="0.053333"/>
        <testcase name="testDeleteCascade" file="/var/www/tests/Controller/ChurchControllerTest.php" line="144" class="App\Tests\Controller\ChurchControllerTest" classname="App.Tests.Controller.ChurchControllerTest" assertions="3" time="0.056129"/>
      </testsuite>
      <testsuite name="App\Tests\Controller\MemberControllerTest" file="/var/www/tests/Controller/MemberControllerTest.php" tests="3" assertions="14" errors="0" failures="0" skipped="0" time="0.219540">
        <testcase name="testIndexRendersPagination" file="/var/www/tests/Controller/MemberControllerTest.php" line="42" class="App\Tests\Controller\MemberControllerTest" classname="App.Tests.Controller.MemberControllerTest" assertions="4" time="0.020055"/>
        <testcase name="testNewMemberSubmission" file="/var/www/tests/Controller/MemberControllerTest.php" line="51" class="App\Tests\Controller\MemberControllerTest" classname="App.Tests.Controller.MemberControllerTest" assertions="7" time="0.115813"/>
        <testcase name="testInvalidCpfSubmissionFails" file="/var/www/tests/Controller/MemberControllerTest.php" line="82" class="App\Tests\Controller\MemberControllerTest" classname="App.Tests.Controller.MemberControllerTest" assertions="3" time="0.083672"/>
      </testsuite>
      <testsuite name="App\Tests\Entity\ChurchTest" file="/var/www/tests/Entity/ChurchTest.php" tests="1" assertions="2" errors="0" failures="0" skipped="0" time="0.002766">
        <testcase name="testChurchCanAddMember" file="/var/www/tests/Entity/ChurchTest.php" line="11" class="App\Tests\Entity\ChurchTest" classname="App.Tests.Entity.ChurchTest" assertions="2" time="0.002766"/>
      </testsuite>
      <testsuite name="App\Tests\Repository\ChurchRepositoryTest" file="/var/www/tests/Repository/ChurchRepositoryTest.php" tests="2" assertions="9" errors="0" failures="0" skipped="0" time="0.021239">
        <testcase name="testSaveAndFindByNameAndCount" file="/var/www/tests/Repository/ChurchRepositoryTest.php" line="34" class="App\Tests\Repository\ChurchRepositoryTest" classname="App.Tests.Repository.ChurchRepositoryTest" assertions="6" time="0.010684"/>
        <testcase name="testFindByAddressCityAndPaginationQuery" file="/var/www/tests/Repository/ChurchRepositoryTest.php" line="60" class="App\Tests\Repository\ChurchRepositoryTest" classname="App.Tests.Repository.ChurchRepositoryTest" assertions="3" time="0.010555"/>
      </testsuite>
      <testsuite name="App\Tests\Repository\MemberRepositoryTest" file="/var/www/tests/Repository/MemberRepositoryTest.php" tests="1" assertions="3" errors="0" failures="0" skipped="0" time="0.011005">
        <testcase name="testFindByNameAndByCpfAndEmail" file="/var/www/tests/Repository/MemberRepositoryTest.php" line="34" class="App\Tests\Repository\MemberRepositoryTest" classname="App.Tests.Repository.MemberRepositoryTest" assertions="3" time="0.011005"/>
      </testsuite>
      <testsuite name="App\Tests\Service\ChurchServiceExtraTest" file="/var/www/tests/Service/ChurchServiceExtraTest.php" tests="2" assertions="7" errors="0" failures="0" skipped="0" time="0.020355">
        <testcase name="testDeleteWithActionDoesNotTransferWhenTargetHasSameId" file="/var/www/tests/Service/ChurchServiceExtraTest.php" line="18" class="App\Tests\Service\ChurchServiceExtraTest" classname="App.Tests.Service.ChurchServiceExtraTest" assertions="3" time="0.017109"/>
        <testcase name="testDeleteWithActionReturnsTransferMessage" file="/var/www/tests/Service/ChurchServiceExtraTest.php" line="48" class="App\Tests\Service\ChurchServiceExtraTest" classname="App.Tests.Service.ChurchServiceExtraTest" assertions="4" time="0.003246"/>
      </testsuite>
      <testsuite name="App\Tests\Service\ChurchServiceTest" file="/var/www/tests/Service/ChurchServiceTest.php" tests="3" assertions="7" errors="0" failures="0" skipped="0" time="0.011763">
        <testcase name="testHandleImageUploadSetsImage" file="/var/www/tests/Service/ChurchServiceTest.php" line="19" class="App\Tests\Service\ChurchServiceTest" classname="App.Tests.Service.ChurchServiceTest" assertions="4" time="0.006364"/>
        <testcase name="testDeleteWithActionCascadeRemovesMembersAndChurch" file="/var/www/tests/Service/ChurchServiceTest.php" line="36" class="App\Tests\Service\ChurchServiceTest" classname="App.Tests.Service.ChurchServiceTest" assertions="1" time="0.002671"/>
        <testcase name="testDeleteWithActionTransfersMembersWhenTargetExists" file="/var/www/tests/Service/ChurchServiceTest.php" line="55" class="App\Tests\Service\ChurchServiceTest" classname="App.Tests.Service.ChurchServiceTest" assertions="2" time="0.002728"/>
      </testsuite>
      <testsuite name="App\Tests\Service\FileUploaderExtraTest" file="/var/www/tests/Service/FileUploaderExtraTest.php" tests="2" assertions="3" errors="0" failures="0" skipped="0" time="0.011203">
        <testcase name="testGetTargetDirectoryIsAccessible" file="/var/www/tests/Service/FileUploaderExtraTest.php" line="15" class="App\Tests\Service\FileUploaderExtraTest" classname="App.Tests.Service.FileUploaderExtraTest" assertions="1" time="0.004406"/>
        <testcase name="testUploadCreatesDirectoryIfNotExists" file="/var/www/tests/Service/FileUploaderExtraTest.php" line="27" class="App\Tests\Service\FileUploaderExtraTest" classname="App.Tests.Service.FileUploaderExtraTest" assertions="2" time="0.006797"/>
      </testsuite>
      <testsuite name="App\Tests\Service\FileUploaderTest" file="/var/www/tests/Service/FileUploaderTest.php" tests="1" assertions="2" errors="0" failures="0" skipped="0" time="0.004742">
        <testcase name="testUploadMovesFileAndReturnsFilename" file="/var/www/tests/Service/FileUploaderTest.php" line="15" class="App\Tests\Service\FileUploaderTest" classname="App.Tests.Service.FileUploaderTest" assertions="2" time="0.004742"/>
      </testsuite>
      <testsuite name="App\Tests\Service\MemberServiceTest" file="/var/www/tests/Service/MemberServiceTest.php" tests="2" assertions="4" errors="0" failures="0" skipped="0" time="0.005005">
        <testcase name="testSavePersistsAndFlushes" file="/var/www/tests/Service/MemberServiceTest.php" line="14" class="App\Tests\Service\MemberServiceTest" classname="App.Tests.Service.MemberServiceTest" assertions="2" time="0.002231"/>
        <testcase name="testRemoveDeletesAndFlushes" file="/var/www/tests/Service/MemberServiceTest.php" line="26" class="App\Tests\Service\MemberServiceTest" classname="App.Tests.Service.MemberServiceTest" assertions="2" time="0.002774"/>
      </testsuite>
      <testsuite name="App\Tests\Validator\CpfValidatorExtraTest" file="/var/www/tests/Validator/CpfValidatorExtraTest.php" tests="2" assertions="4" errors="0" failures="0" skipped="0" time="0.007568">
        <testcase name="testShortCpfAddsSingleViolation" file="/var/www/tests/Validator/CpfValidatorExtraTest.php" line="25" class="App\Tests\Validator\CpfValidatorExtraTest" classname="App.Tests.Validator.CpfValidatorExtraTest" assertions="2" time="0.005103"/>
        <testcase name="testInvalidChecksumAddsSingleViolation" file="/var/www/tests/Validator/CpfValidatorExtraTest.php" line="39" class="App\Tests\Validator\CpfValidatorExtraTest" classname="App.Tests.Validator.CpfValidatorExtraTest" assertions="2" time="0.002465"/>
      </testsuite>
      <testsuite name="App\Tests\Validator\CpfValidatorTest" file="/var/www/tests/Validator/CpfValidatorTest.php" tests="9" assertions="13" errors="0" failures="0" skipped="0" time="0.021932">
        <testsuite name="App\Tests\Validator\CpfValidatorTest::testValidateValidCpf" tests="4" assertions="4" errors="0" failures="0" skipped="0" time="0.009265">
          <testcase name="testValidateValidCpf with data set #0" file="/var/www/tests/Validator/CpfValidatorTest.php" line="28" class="App\Tests\Validator\CpfValidatorTest" classname="App.Tests.Validator.CpfValidatorTest" assertions="1" time="0.002510"/>
          <testcase name="testValidateValidCpf with data set #1" file="/var/www/tests/Validator/CpfValidatorTest.php" line="28" class="App\Tests\Validator\CpfValidatorTest" classname="App.Tests.Validator.CpfValidatorTest" assertions="1" time="0.002135"/>
          <testcase name="testValidateValidCpf with data set #2" file="/var/www/tests/Validator/CpfValidatorTest.php" line="28" class="App\Tests\Validator\CpfValidatorTest" classname="App.Tests.Validator.CpfValidatorTest" assertions="1" time="0.002270"/>
          <testcase name="testValidateValidCpf with data set #3" file="/var/www/tests/Validator/CpfValidatorTest.php" line="28" class="App\Tests\Validator\CpfValidatorTest" classname="App.Tests.Validator.CpfValidatorTest" assertions="1" time="0.002349"/>
        </testsuite>
        <testsuite name="App\Tests\Validator\CpfValidatorTest::testValidateInvalidCpf" tests="4" assertions="8" errors="0" failures="0" skipped="0" time="0.010628">
          <testcase name="testValidateInvalidCpf with data set #0" file="/var/www/tests/Validator/CpfValidatorTest.php" line="37" class="App\Tests\Validator\CpfValidatorTest" classname="App.Tests.Validator.CpfValidatorTest" assertions="2" time="0.002507"/>
          <testcase name="testValidateInvalidCpf with data set #1" file="/var/www/tests/Validator/CpfValidatorTest.php" line="37" class="App\Tests\Validator\CpfValidatorTest" classname="App.Tests.Validator.CpfValidatorTest" assertions="2" time="0.002816"/>
          <testcase name="testValidateInvalidCpf with data set #2" file="/var/www/tests/Validator/CpfValidatorTest.php" line="37" class="App\Tests\Validator\CpfValidatorTest" classname="App.Tests.Validator.CpfValidatorTest" assertions="2" time="0.002874"/>
          <testcase name="testValidateInvalidCpf with data set #3" file="/var/www/tests/Validator/CpfValidatorTest.php" line="37" class="App\Tests\Validator\CpfValidatorTest" classname="App.Tests.Validator.CpfValidatorTest" assertions="2" time="0.002431"/>
        </testsuite>
        <testcase name="testIgnoreNullOrEmpty" file="/var/www/tests/Validator/CpfValidatorTest.php" line="51" class="App\Tests\Validator\CpfValidatorTest" classname="App.Tests.Validator.CpfValidatorTest" assertions="1" time="0.002039"/>
      </testsuite>
    </testsuite>
  </testsuite>
</testsuites>
